# JRE version: OpenJDK Runtime Environment (8.0_152-b01) (build 1.8.0_152-release-915-b01)
# Java VM: OpenJDK 64-Bit Server VM (25.152-b01 mixed mode windows-amd64 compressed oops)
Heap:
 PSYoungGen      total 198656K, used 54100K [0x00000000e0000000, 0x00000000edc80000, 0x0000000100000000)
  eden space 182272K, 20% used [0x00000000e0000000,0x00000000e251c720,0x00000000eb200000)
  from space 16384K, 98% used [0x00000000ecc80000,0x00000000edc38cd8,0x00000000edc80000)
  to   space 21504K, 0% used [0x00000000eb280000,0x00000000eb280000,0x00000000ec780000)
 ParOldGen       total 155648K, used 33236K [0x00000000a0000000, 0x00000000a9800000, 0x00000000e0000000)
  object space 155648K, 21% used [0x00000000a0000000,0x00000000a2075190,0x00000000a9800000)
 Metaspace       used 69038K, capacity 71704K, committed 71896K, reserved 1112064K
  class space    used 9047K, capacity 9669K, committed 9728K, reserved 1048576K
GC Heap History (10 events):
Event: 13.637 GC heap before
{Heap before GC invocations=11 (full 2):
 PSYoungGen      total 143360K, used 142998K [0x00000000e0000000, 0x00000000ea180000, 0x0000000100000000)
  eden space 132096K, 100% used [0x00000000e0000000,0x00000000e8100000,0x00000000e8100000)
  from space 11264K, 96% used [0x00000000e9680000,0x00000000ea1259b0,0x00000000ea180000)
  to   space 12800K, 0% used [0x00000000e8880000,0x00000000e8880000,0x00000000e9500000)
 ParOldGen       total 103424K, used 15703K [0x00000000a0000000, 0x00000000a6500000, 0x00000000e0000000)
  object space 103424K, 15% used [0x00000000a0000000,0x00000000a0f55fb0,0x00000000a6500000)
 Metaspace       used 46354K, capacity 47324K, committed 47448K, reserved 1089536K
  class space    used 6169K, capacity 6509K, committed 6528K, reserved 1048576K
Event: 13.655 GC heap after
Heap after GC invocations=11 (full 2):
 PSYoungGen      total 152576K, used 12799K [0x00000000e0000000, 0x00000000eb680000, 0x0000000100000000)
  eden space 139776K, 0% used [0x00000000e0000000,0x00000000e0000000,0x00000000e8880000)
  from space 12800K, 99% used [0x00000000e8880000,0x00000000e94ffde0,0x00000000e9500000)
  to   space 14848K, 0% used [0x00000000ea800000,0x00000000ea800000,0x00000000eb680000)
 ParOldGen       total 103424K, used 17479K [0x00000000a0000000, 0x00000000a6500000, 0x00000000e0000000)
  object space 103424K, 16% used [0x00000000a0000000,0x00000000a1111c10,0x00000000a6500000)
 Metaspace       used 46354K, capacity 47324K, committed 47448K, reserved 1089536K
  class space    used 6169K, capacity 6509K, committed 6528K, reserved 1048576K
}
Event: 15.919 GC heap before
{Heap before GC invocations=12 (full 2):
 PSYoungGen      total 152576K, used 152575K [0x00000000e0000000, 0x00000000eb680000, 0x0000000100000000)
  eden space 139776K, 100% used [0x00000000e0000000,0x00000000e8880000,0x00000000e8880000)
  from space 12800K, 99% used [0x00000000e8880000,0x00000000e94ffde0,0x00000000e9500000)
  to   space 14848K, 0% used [0x00000000ea800000,0x00000000ea800000,0x00000000eb680000)
 ParOldGen       total 103424K, used 17479K [0x00000000a0000000, 0x00000000a6500000, 0x00000000e0000000)
  object space 103424K, 16% used [0x00000000a0000000,0x00000000a1111c10,0x00000000a6500000)
 Metaspace       used 49399K, capacity 50782K, committed 51032K, reserved 1093632K
  class space    used 6592K, capacity 6972K, committed 7040K, reserved 1048576K
Event: 15.942 GC heap after
Heap after GC invocations=12 (full 2):
 PSYoungGen      total 169472K, used 14833K [0x00000000e0000000, 0x00000000ec480000, 0x0000000100000000)
  eden space 154624K, 0% used [0x00000000e0000000,0x00000000e0000000,0x00000000e9700000)
  from space 14848K, 99% used [0x00000000ea800000,0x00000000eb67c690,0x00000000eb680000)
  to   space 17408K, 0% used [0x00000000e9700000,0x00000000e9700000,0x00000000ea800000)
 ParOldGen       total 103424K, used 20034K [0x00000000a0000000, 0x00000000a6500000, 0x00000000e0000000)
  object space 103424K, 19% used [0x00000000a0000000,0x00000000a1390828,0x00000000a6500000)
 Metaspace       used 49399K, capacity 50782K, committed 51032K, reserved 1093632K
  class space    used 6592K, capacity 6972K, committed 7040K, reserved 1048576K
}
Event: 18.567 GC heap before
{Heap before GC invocations=13 (full 2):
 PSYoungGen      total 169472K, used 96958K [0x00000000e0000000, 0x00000000ec480000, 0x0000000100000000)
  eden space 154624K, 53% used [0x00000000e0000000,0x00000000e5033518,0x00000000e9700000)
  from space 14848K, 99% used [0x00000000ea800000,0x00000000eb67c690,0x00000000eb680000)
  to   space 17408K, 0% used [0x00000000e9700000,0x00000000e9700000,0x00000000ea800000)
 ParOldGen       total 103424K, used 20034K [0x00000000a0000000, 0x00000000a6500000, 0x00000000e0000000)
  object space 103424K, 19% used [0x00000000a0000000,0x00000000a1390828,0x00000000a6500000)
 Metaspace       used 57128K, capacity 58894K, committed 59028K, reserved 1099776K
  class space    used 7710K, capacity 8182K, committed 8192K, reserved 1048576K
Event: 18.621 GC heap after
Heap after GC invocations=13 (full 2):
 PSYoungGen      total 172032K, used 17405K [0x00000000e0000000, 0x00000000ee080000, 0x0000000100000000)
  eden space 154624K, 0% used [0x00000000e0000000,0x00000000e0000000,0x00000000e9700000)
  from space 17408K, 99% used [0x00000000e9700000,0x00000000ea7ff5f0,0x00000000ea800000)
  to   space 20480K, 0% used [0x00000000ecc80000,0x00000000ecc80000,0x00000000ee080000)
 ParOldGen       total 103424K, used 22958K [0x00000000a0000000, 0x00000000a6500000, 0x00000000e0000000)
  object space 103424K, 22% used [0x00000000a0000000,0x00000000a166b950,0x00000000a6500000)
 Metaspace       used 57128K, capacity 58894K, committed 59028K, reserved 1099776K
  class space    used 7710K, capacity 8182K, committed 8192K, reserved 1048576K
}
Event: 18.621 GC heap before
{Heap before GC invocations=14 (full 3):
 PSYoungGen      total 172032K, used 17405K [0x00000000e0000000, 0x00000000ee080000, 0x0000000100000000)
  eden space 154624K, 0% used [0x00000000e0000000,0x00000000e0000000,0x00000000e9700000)
  from space 17408K, 99% used [0x00000000e9700000,0x00000000ea7ff5f0,0x00000000ea800000)
  to   space 20480K, 0% used [0x00000000ecc80000,0x00000000ecc80000,0x00000000ee080000)
 ParOldGen       total 103424K, used 22958K [0x00000000a0000000, 0x00000000a6500000, 0x00000000e0000000)
  object space 103424K, 22% used [0x00000000a0000000,0x00000000a166b950,0x00000000a6500000)
 Metaspace       used 57128K, capacity 58894K, committed 59028K, reserved 1099776K
  class space    used 7710K, capacity 8182K, committed 8192K, reserved 1048576K
Event: 18.992 GC heap after
Heap after GC invocations=14 (full 3):
 PSYoungGen      total 172032K, used 0K [0x00000000e0000000, 0x00000000ee080000, 0x0000000100000000)
  eden space 154624K, 0% used [0x00000000e0000000,0x00000000e0000000,0x00000000e9700000)
  from space 17408K, 0% used [0x00000000e9700000,0x00000000e9700000,0x00000000ea800000)
  to   space 20480K, 0% used [0x00000000ecc80000,0x00000000ecc80000,0x00000000ee080000)
 ParOldGen       total 155648K, used 33228K [0x00000000a0000000, 0x00000000a9800000, 0x00000000e0000000)
  object space 155648K, 21% used [0x00000000a0000000,0x00000000a2073190,0x00000000a9800000)
 Metaspace       used 57128K, capacity 58894K, committed 59028K, reserved 1099776K
  class space    used 7710K, capacity 8182K, committed 8192K, reserved 1048576K
}
Event: 24.032 GC heap before
{Heap before GC invocations=15 (full 3):
 PSYoungGen      total 172032K, used 154624K [0x00000000e0000000, 0x00000000ee080000, 0x0000000100000000)
  eden space 154624K, 100% used [0x00000000e0000000,0x00000000e9700000,0x00000000e9700000)
  from space 17408K, 0% used [0x00000000e9700000,0x00000000e9700000,0x00000000ea800000)
  to   space 20480K, 0% used [0x00000000ecc80000,0x00000000ecc80000,0x00000000ee080000)
 ParOldGen       total 155648K, used 33228K [0x00000000a0000000, 0x00000000a9800000, 0x00000000e0000000)
  object space 155648K, 21% used [0x00000000a0000000,0x00000000a2073190,0x00000000a9800000)
 Metaspace       used 68812K, capacity 71330K, committed 71640K, reserved 1112064K
  class space    used 9023K, capacity 9608K, committed 9728K, reserved 1048576K
Event: 24.071 GC heap after
Heap after GC invocations=15 (full 3):
 PSYoungGen      total 198656K, used 16099K [0x00000000e0000000, 0x00000000edc80000, 0x0000000100000000)
  eden space 182272K, 0% used [0x00000000e0000000,0x00000000e0000000,0x00000000eb200000)
  from space 16384K, 98% used [0x00000000ecc80000,0x00000000edc38cd8,0x00000000edc80000)
  to   space 21504K, 0% used [0x00000000eb280000,0x00000000eb280000,0x00000000ec780000)
 ParOldGen       total 155648K, used 33236K [0x00000000a0000000, 0x00000000a9800000, 0x00000000e0000000)
  object space 155648K, 21% used [0x00000000a0000000,0x00000000a2075190,0x00000000a9800000)
 Metaspace       used 68812K, capacity 71330K, committed 71640K, reserved 1112064K
  class space    used 9023K, capacity 9608K, committed 9728K, reserved 1048576K
}

